Using pre-set license
Built from '2020.3/staging' branch; Version is '2020.3.19f1 (68f137dc9bbe) revision 6877495'; Using compiler version '192528614'; Build Type 'Release'
OS: 'Windows 10 Home Single Language; OS build 22000.469; Version 2009; 64bit' Language: 'en' Physical Memory: 8058 MB
BatchMode: 1, IsHumanControllingUs: 0, StartBugReporterOnCrash: 0, Is64bit: 1, IsPro: 0

COMMAND LINE ARGUMENTS:
D:\App\Unity\2020.3.19f1\Editor\Unity.exe
-adb2
-batchMode
-noUpm
-name
AssetImportWorker0
-projectPath
D:/Deus/Unity/GunMuseum
-logFile
Logs/AssetImportWorker0.log
-srvPort
65318
Successfully changed project path to: D:/Deus/Unity/GunMuseum
D:/Deus/Unity/GunMuseum
Using Asset Import Pipeline V2.
Refreshing native plugins compatible for Editor in 39.04 ms, found 2 plugins.
Preloading 0 native plugins for Editor in 0.00 ms.
Initialize engine version: 2020.3.19f1 (68f137dc9bbe)
[Subsystems] Discovering subsystems at path D:/App/Unity/2020.3.19f1/Editor/Data/Resources/UnitySubsystems
[Subsystems] Discovering subsystems at path D:/Deus/Unity/GunMuseum/Assets
GfxDevice: creating device client; threaded=0
Direct3D:
    Version:  Direct3D 11.0 [level 11.1]
    Renderer: NVIDIA GeForce GTX 1660 SUPER (ID=0x21c4)
    Vendor:   
    VRAM:     5992 MB
    Driver:   30.0.15.1123
Initialize mono
Mono path[0] = 'D:/App/Unity/2020.3.19f1/Editor/Data/Managed'
Mono path[1] = 'D:/App/Unity/2020.3.19f1/Editor/Data/MonoBleedingEdge/lib/mono/unityjit'
Mono config path = 'D:/App/Unity/2020.3.19f1/Editor/Data/MonoBleedingEdge/etc'
Using monoOptions --debugger-agent=transport=dt_socket,embedding=1,server=y,suspend=n,address=127.0.0.1:56828
Begin MonoManager ReloadAssembly
Registering precompiled unity dll's ...
Register platform support module: D:/App/Unity/2020.3.19f1/Editor/Data/PlaybackEngines/WindowsStandaloneSupport/UnityEditor.WindowsStandalone.Extensions.dll
Registered in 0.025865 seconds.
Native extension for WindowsStandalone target not found
Refreshing native plugins compatible for Editor in 23.03 ms, found 2 plugins.
Preloading 0 native plugins for Editor in 0.00 ms.
Mono: successfully reloaded assembly
- Completed reload, in  8.957 seconds
Domain Reload Profiling:
	ReloadAssembly (8958ms)
		BeginReloadAssembly (43ms)
			ExecutionOrderSort (0ms)
			DisableScriptedObjects (0ms)
			BackupInstance (0ms)
			ReleaseScriptingObjects (0ms)
			CreateAndSetChildDomain (1ms)
		EndReloadAssembly (320ms)
			LoadAssemblies (42ms)
			RebuildTransferFunctionScriptingTraits (0ms)
			SetupTypeCache (115ms)
			ReleaseScriptCaches (0ms)
			RebuildScriptCaches (24ms)
			SetupLoadedEditorAssemblies (128ms)
				LogAssemblyErrors (0ms)
				InitializePlatformSupportModulesInManaged (3ms)
				SetLoadedEditorAssemblies (0ms)
				RefreshPlugins (23ms)
				BeforeProcessingInitializeOnLoad (8ms)
				ProcessInitializeOnLoadAttributes (61ms)
				ProcessInitializeOnLoadMethodAttributes (33ms)
				AfterProcessingInitializeOnLoad (0ms)
				EditorAssembliesLoaded (0ms)
			ExecutionOrderSort2 (0ms)
			AwakeInstancesAfterBackupRestoration (0ms)
Platform modules already initialized, skipping
Registering precompiled user dll's ...
Registered in 0.035688 seconds.
Begin MonoManager ReloadAssembly
Native extension for WindowsStandalone target not found
Refreshing native plugins compatible for Editor in 0.29 ms, found 2 plugins.
Preloading 0 native plugins for Editor in 0.00 ms.
Mono: successfully reloaded assembly
- Completed reload, in  1.111 seconds
Domain Reload Profiling:
	ReloadAssembly (1111ms)
		BeginReloadAssembly (110ms)
			ExecutionOrderSort (0ms)
			DisableScriptedObjects (3ms)
			BackupInstance (0ms)
			ReleaseScriptingObjects (0ms)
			CreateAndSetChildDomain (15ms)
		EndReloadAssembly (958ms)
			LoadAssemblies (380ms)
			RebuildTransferFunctionScriptingTraits (0ms)
			SetupTypeCache (232ms)
			ReleaseScriptCaches (0ms)
			RebuildScriptCaches (31ms)
			SetupLoadedEditorAssemblies (234ms)
				LogAssemblyErrors (0ms)
				InitializePlatformSupportModulesInManaged (4ms)
				SetLoadedEditorAssemblies (0ms)
				RefreshPlugins (0ms)
				BeforeProcessingInitializeOnLoad (37ms)
				ProcessInitializeOnLoadAttributes (187ms)
				ProcessInitializeOnLoadMethodAttributes (3ms)
				AfterProcessingInitializeOnLoad (3ms)
				EditorAssembliesLoaded (0ms)
			ExecutionOrderSort2 (0ms)
			AwakeInstancesAfterBackupRestoration (5ms)
Platform modules already initialized, skipping
========================================================================
Worker process is ready to serve import requests
Launched and connected shader compiler UnityShaderCompiler.exe after 0.10 seconds
Refreshing native plugins compatible for Editor in 0.29 ms, found 2 plugins.
Preloading 0 native plugins for Editor in 0.00 ms.
Unloading 1404 Unused Serialized files (Serialized files now loaded: 0)
System memory in use before: 65.0 MB.
System memory in use after: 65.1 MB.

Unloading 16 unused Assets to reduce memory usage. Loaded Objects now: 1839.
Total: 2.155000 ms (FindLiveObjects: 0.137000 ms CreateObjectMapping: 0.038100 ms MarkObjects: 1.935200 ms  DeleteObjects: 0.044100 ms)

AssetImportParameters requested are different than current active one (requested -> active):
  custom:framework-win-MediaFoundation: 216162199b28c13a410421893ffa2e32 -> 
  custom:video-decoder-ogg-theora: a1e56fd34408186e4bbccfd4996cb3dc -> 
  custom:container-muxer-webm: aa71ff27fc2769a1b78a27578f13a17b -> 
  custom:container-demuxer-webm: 4f35f7cbe854078d1ac9338744f61a02 -> 
  custom:container-demuxer-ogg: 62fdf1f143b41e24485cea50d1cbac27 -> 
  custom:video-encoder-webm-vp8: eb34c28f22e8b96e1ab97ce403110664 -> 
  custom:video-decoder-webm-vp8: 9c59270c3fd7afecdb556c50c9e8de78 -> 
  custom:audio-decoder-ogg-vorbis: bf7c407c2cedff20999df2af8eb42d56 -> 
  custom:audio-encoder-webm-vorbis: bf7c407c2cedff20999df2af8eb42d56 -> 
========================================================================
Received Import Request.
  path: Assets/SoundManager.cs
  artifactKey: Guid(47e220a8460976d43875803c64d86bf8) Importer(815301076,1909f56bfc062723c751e8b465ee728b)
Start importing Assets/SoundManager.cs using Guid(47e220a8460976d43875803c64d86bf8) Importer(815301076,1909f56bfc062723c751e8b465ee728b)  -> (artifact id: 'e2c79f664d23651057cb723018d50cdb') in 0.152980 seconds 
  Import took 0.157867 seconds .

========================================================================
Received Prepare
Refreshing native plugins compatible for Editor in 2.43 ms, found 2 plugins.
Preloading 0 native plugins for Editor in 0.00 ms.
Unloading 9 Unused Serialized files (Serialized files now loaded: 0)
System memory in use before: 37.1 MB.
System memory in use after: 37.2 MB.

Unloading 9 unused Assets to reduce memory usage. Loaded Objects now: 1839.
Total: 3.368600 ms (FindLiveObjects: 0.202100 ms CreateObjectMapping: 0.062500 ms MarkObjects: 3.085800 ms  DeleteObjects: 0.016600 ms)

AssetImportParameters requested are different than current active one (requested -> active):
  custom:framework-win-MediaFoundation: 216162199b28c13a410421893ffa2e32 -> 
  custom:video-decoder-ogg-theora: a1e56fd34408186e4bbccfd4996cb3dc -> 
  custom:container-muxer-webm: aa71ff27fc2769a1b78a27578f13a17b -> 
  custom:container-demuxer-webm: 4f35f7cbe854078d1ac9338744f61a02 -> 
  custom:container-demuxer-ogg: 62fdf1f143b41e24485cea50d1cbac27 -> 
  custom:video-encoder-webm-vp8: eb34c28f22e8b96e1ab97ce403110664 -> 
  custom:video-decoder-webm-vp8: 9c59270c3fd7afecdb556c50c9e8de78 -> 
  custom:audio-decoder-ogg-vorbis: bf7c407c2cedff20999df2af8eb42d56 -> 
  custom:audio-encoder-webm-vorbis: bf7c407c2cedff20999df2af8eb42d56 -> 
========================================================================
Received Prepare
Refreshing native plugins compatible for Editor in 1.50 ms, found 2 plugins.
Preloading 0 native plugins for Editor in 0.00 ms.
Unloading 9 Unused Serialized files (Serialized files now loaded: 0)
System memory in use before: 37.1 MB.
System memory in use after: 37.2 MB.

Unloading 9 unused Assets to reduce memory usage. Loaded Objects now: 1839.
Total: 2.064200 ms (FindLiveObjects: 0.125500 ms CreateObjectMapping: 0.033600 ms MarkObjects: 1.896500 ms  DeleteObjects: 0.008000 ms)

AssetImportParameters requested are different than current active one (requested -> active):
  custom:framework-win-MediaFoundation: 216162199b28c13a410421893ffa2e32 -> 
  custom:video-decoder-ogg-theora: a1e56fd34408186e4bbccfd4996cb3dc -> 
  custom:container-muxer-webm: aa71ff27fc2769a1b78a27578f13a17b -> 
  custom:container-demuxer-webm: 4f35f7cbe854078d1ac9338744f61a02 -> 
  custom:container-demuxer-ogg: 62fdf1f143b41e24485cea50d1cbac27 -> 
  custom:video-encoder-webm-vp8: eb34c28f22e8b96e1ab97ce403110664 -> 
  custom:video-decoder-webm-vp8: 9c59270c3fd7afecdb556c50c9e8de78 -> 
  custom:audio-decoder-ogg-vorbis: bf7c407c2cedff20999df2af8eb42d56 -> 
  custom:audio-encoder-webm-vorbis: bf7c407c2cedff20999df2af8eb42d56 -> 
========================================================================
Received Prepare
Registering precompiled user dll's ...
Registered in 0.001361 seconds.
Begin MonoManager ReloadAssembly
Native extension for WindowsStandalone target not found
Refreshing native plugins compatible for Editor in 0.39 ms, found 2 plugins.
Preloading 0 native plugins for Editor in 0.00 ms.
Mono: successfully reloaded assembly
- Completed reload, in  0.759 seconds
Domain Reload Profiling:
	ReloadAssembly (759ms)
		BeginReloadAssembly (83ms)
			ExecutionOrderSort (0ms)
			DisableScriptedObjects (4ms)
			BackupInstance (0ms)
			ReleaseScriptingObjects (0ms)
			CreateAndSetChildDomain (27ms)
		EndReloadAssembly (632ms)
			LoadAssemblies (63ms)
			RebuildTransferFunctionScriptingTraits (0ms)
			SetupTypeCache (231ms)
			ReleaseScriptCaches (1ms)
			RebuildScriptCaches (29ms)
			SetupLoadedEditorAssemblies (223ms)
				LogAssemblyErrors (0ms)
				InitializePlatformSupportModulesInManaged (4ms)
				SetLoadedEditorAssemblies (0ms)
				RefreshPlugins (0ms)
				BeforeProcessingInitializeOnLoad (42ms)
				ProcessInitializeOnLoadAttributes (169ms)
				ProcessInitializeOnLoadMethodAttributes (3ms)
				AfterProcessingInitializeOnLoad (4ms)
				EditorAssembliesLoaded (0ms)
			ExecutionOrderSort2 (0ms)
			AwakeInstancesAfterBackupRestoration (5ms)
Platform modules already initialized, skipping
Switching build target platform(19) subTarget(0) extendedPlatform(0) -> platform(13) subTarget(537395200) extendedPlatform(0)
Refreshing native plugins compatible for Editor in 0.47 ms, found 2 plugins.
Preloading 0 native plugins for Editor in 0.00 ms.
Unloading 1487 Unused Serialized files (Serialized files now loaded: 0)
System memory in use before: 68.5 MB.
System memory in use after: 68.7 MB.

Unloading 11 unused Assets to reduce memory usage. Loaded Objects now: 1927.
Total: 2.779700 ms (FindLiveObjects: 0.200300 ms CreateObjectMapping: 0.064000 ms MarkObjects: 2.499600 ms  DeleteObjects: 0.014900 ms)

AssetImportParameters requested are different than current active one (requested -> active):
  custom:framework-win-MediaFoundation: 216162199b28c13a410421893ffa2e32 -> 
  custom:video-decoder-ogg-theora: a1e56fd34408186e4bbccfd4996cb3dc -> 
  custom:container-muxer-webm: aa71ff27fc2769a1b78a27578f13a17b -> 
  custom:container-demuxer-webm: 4f35f7cbe854078d1ac9338744f61a02 -> 
  custom:container-demuxer-ogg: 62fdf1f143b41e24485cea50d1cbac27 -> 
  custom:video-encoder-webm-vp8: eb34c28f22e8b96e1ab97ce403110664 -> 
  custom:video-decoder-webm-vp8: 9c59270c3fd7afecdb556c50c9e8de78 -> 
  custom:graphics/normal-map-encoding: 01000000000000000000000000000000 -> 02000000000000000000000000000000
  custom:audio-decoder-ogg-vorbis: bf7c407c2cedff20999df2af8eb42d56 -> 
  custom:audio-encoder-webm-vorbis: bf7c407c2cedff20999df2af8eb42d56 -> 
========================================================================
Received Prepare
Registering precompiled user dll's ...
Registered in 0.040355 seconds.
Begin MonoManager ReloadAssembly
Native extension for WindowsStandalone target not found
Refreshing native plugins compatible for Editor in 0.39 ms, found 2 plugins.
Preloading 0 native plugins for Editor in 0.00 ms.
Mono: successfully reloaded assembly
- Completed reload, in  1.121 seconds
Domain Reload Profiling:
	ReloadAssembly (1121ms)
		BeginReloadAssembly (122ms)
			ExecutionOrderSort (0ms)
			DisableScriptedObjects (4ms)
			BackupInstance (0ms)
			ReleaseScriptingObjects (0ms)
			CreateAndSetChildDomain (36ms)
		EndReloadAssembly (953ms)
			LoadAssemblies (349ms)
			RebuildTransferFunctionScriptingTraits (0ms)
			SetupTypeCache (223ms)
			ReleaseScriptCaches (1ms)
			RebuildScriptCaches (30ms)
			SetupLoadedEditorAssemblies (238ms)
				LogAssemblyErrors (0ms)
				InitializePlatformSupportModulesInManaged (4ms)
				SetLoadedEditorAssemblies (0ms)
				RefreshPlugins (0ms)
				BeforeProcessingInitializeOnLoad (40ms)
				ProcessInitializeOnLoadAttributes (187ms)
				ProcessInitializeOnLoadMethodAttributes (3ms)
				AfterProcessingInitializeOnLoad (3ms)
				EditorAssembliesLoaded (0ms)
			ExecutionOrderSort2 (0ms)
			AwakeInstancesAfterBackupRestoration (6ms)
Platform modules already initialized, skipping
Switching build target platform(19) subTarget(0) extendedPlatform(0) -> platform(13) subTarget(537395200) extendedPlatform(0)
Refreshing native plugins compatible for Editor in 0.40 ms, found 2 plugins.
Preloading 0 native plugins for Editor in 0.00 ms.
Unloading 1844 Unused Serialized files (Serialized files now loaded: 0)
System memory in use before: 83.2 MB.
System memory in use after: 81.2 MB.

Unloading 35 unused Assets to reduce memory usage. Loaded Objects now: 2269.
Total: 3.761800 ms (FindLiveObjects: 0.273000 ms CreateObjectMapping: 0.068800 ms MarkObjects: 2.363900 ms  DeleteObjects: 1.055100 ms)

AssetImportParameters requested are different than current active one (requested -> active):
  custom:framework-win-MediaFoundation: 216162199b28c13a410421893ffa2e32 -> 
  custom:video-decoder-ogg-theora: a1e56fd34408186e4bbccfd4996cb3dc -> 
  custom:container-muxer-webm: aa71ff27fc2769a1b78a27578f13a17b -> 
  custom:container-demuxer-webm: 4f35f7cbe854078d1ac9338744f61a02 -> 
  custom:container-demuxer-ogg: 62fdf1f143b41e24485cea50d1cbac27 -> 
  custom:video-encoder-webm-vp8: eb34c28f22e8b96e1ab97ce403110664 -> 
  custom:video-decoder-webm-vp8: 9c59270c3fd7afecdb556c50c9e8de78 -> 
  custom:graphics/normal-map-encoding: 01000000000000000000000000000000 -> 02000000000000000000000000000000
  custom:audio-decoder-ogg-vorbis: bf7c407c2cedff20999df2af8eb42d56 -> 
  custom:audio-encoder-webm-vorbis: bf7c407c2cedff20999df2af8eb42d56 -> 
========================================================================
Received Prepare
Switching build target platform(13) subTarget(537395200) extendedPlatform(0) -> platform(13) subTarget(524288) extendedPlatform(0)
Refreshing native plugins compatible for Editor in 3.30 ms, found 2 plugins.
Preloading 0 native plugins for Editor in 0.00 ms.
Unloading 32 Unused Serialized files (Serialized files now loaded: 0)
System memory in use before: 47.2 MB.
System memory in use after: 45.4 MB.

Unloading 32 unused Assets to reduce memory usage. Loaded Objects now: 2269.
Total: 5.593900 ms (FindLiveObjects: 0.536300 ms CreateObjectMapping: 0.111700 ms MarkObjects: 3.635400 ms  DeleteObjects: 1.308800 ms)

AssetImportParameters requested are different than current active one (requested -> active):
  buildTarget: platform 13, subtarget 524288, extendedPlatform 0 -> platform 13, subtarget 537395200, extendedPlatform 0
  graphicsApiMask: 2048 -> 2099200
  custom:framework-win-MediaFoundation: 216162199b28c13a410421893ffa2e32 -> 
  custom:video-decoder-ogg-theora: a1e56fd34408186e4bbccfd4996cb3dc -> 
  custom:container-muxer-webm: aa71ff27fc2769a1b78a27578f13a17b -> 
  custom:container-demuxer-webm: 4f35f7cbe854078d1ac9338744f61a02 -> 
  custom:container-demuxer-ogg: 62fdf1f143b41e24485cea50d1cbac27 -> 
  custom:video-encoder-webm-vp8: eb34c28f22e8b96e1ab97ce403110664 -> 
  custom:video-decoder-webm-vp8: 9c59270c3fd7afecdb556c50c9e8de78 -> 
  custom:audio-decoder-ogg-vorbis: bf7c407c2cedff20999df2af8eb42d56 -> 
  custom:audio-encoder-webm-vorbis: bf7c407c2cedff20999df2af8eb42d56 -> 
========================================================================
Received Import Request.
  Time since last request: 2100.353017 seconds.
  path: Assets/Sound
  artifactKey: Guid(e8e96bb726ad1d246926efe62ddb9882) Importer(815301076,1909f56bfc062723c751e8b465ee728b)
Start importing Assets/Sound using Guid(e8e96bb726ad1d246926efe62ddb9882) Importer(815301076,1909f56bfc062723c751e8b465ee728b)  -> (artifact id: 'f2f8a8f986e5ed003bfa89179d6bbda2') in 0.024539 seconds 
  Import took 0.029584 seconds .

========================================================================
Received Import Request.
  Time since last request: 0.008509 seconds.
  path: Assets/Sound/Celurit.mp3
  artifactKey: Guid(927c7af2d3d15cc41860fea0bbe6a84a) Importer(815301076,1909f56bfc062723c751e8b465ee728b)
Start importing Assets/Sound/Celurit.mp3 using Guid(927c7af2d3d15cc41860fea0bbe6a84a) Importer(815301076,1909f56bfc062723c751e8b465ee728b)  -> (artifact id: 'e70eb9a29d207770b3c95a761f1cbe0c') in 0.262253 seconds 
  Import took 0.264999 seconds .

========================================================================
Received Import Request.
  Time since last request: 0.000164 seconds.
  path: Assets/Sound/M3.mp3
  artifactKey: Guid(437bbbc461a13a34db1958b1f0e930cf) Importer(815301076,1909f56bfc062723c751e8b465ee728b)
Start importing Assets/Sound/M3.mp3 using Guid(437bbbc461a13a34db1958b1f0e930cf) Importer(815301076,1909f56bfc062723c751e8b465ee728b)  -> (artifact id: 'cce91d0f9cdf632ff8f0be2dc655f8da') in 0.038618 seconds 
  Import took 0.041199 seconds .

========================================================================
Received Import Request.
  Time since last request: 0.000197 seconds.
  path: Assets/Sound/Museum_Lobby_Ambiance_Sound_Effect_Studio_2020.wav
  artifactKey: Guid(0967462980e6e8f4eb932df995cf6e33) Importer(815301076,1909f56bfc062723c751e8b465ee728b)
Start importing Assets/Sound/Museum_Lobby_Ambiance_Sound_Effect_Studio_2020.wav using Guid(0967462980e6e8f4eb932df995cf6e33) Importer(815301076,1909f56bfc062723c751e8b465ee728b)  -> (artifact id: 'bad983e0f6aa6cc6e56dee42e5a7196c') in 0.029558 seconds 
  Import took 0.032043 seconds .

========================================================================
Received Import Request.
  Time since last request: 0.000135 seconds.
  path: Assets/Sound/Thompson M1A1.mp3
  artifactKey: Guid(d337dcd784d146240ab89be76a2b1b7a) Importer(815301076,1909f56bfc062723c751e8b465ee728b)
Start importing Assets/Sound/Thompson M1A1.mp3 using Guid(d337dcd784d146240ab89be76a2b1b7a) Importer(815301076,1909f56bfc062723c751e8b465ee728b)  -> (artifact id: '608c33ee1ae5e717ace3eb0e3b2f83b4') in 0.021911 seconds 
  Import took 0.024364 seconds .

========================================================================
Received Import Request.
  Time since last request: 0.000171 seconds.
  path: Assets/Sound/Owen.mp3
  artifactKey: Guid(f089f3ff0fa173748b6ab8d82acea425) Importer(815301076,1909f56bfc062723c751e8b465ee728b)
Start importing Assets/Sound/Owen.mp3 using Guid(f089f3ff0fa173748b6ab8d82acea425) Importer(815301076,1909f56bfc062723c751e8b465ee728b)  -> (artifact id: 'c1819d390c0991d52b69c9ea9388c9a1') in 0.016188 seconds 
  Import took 0.018753 seconds .

========================================================================
Received Import Request.
  Time since last request: 0.000122 seconds.
  path: Assets/Sound/M1.mp3
  artifactKey: Guid(aa6deac9f442414489a90f6d7b7f066e) Importer(815301076,1909f56bfc062723c751e8b465ee728b)
Start importing Assets/Sound/M1.mp3 using Guid(aa6deac9f442414489a90f6d7b7f066e) Importer(815301076,1909f56bfc062723c751e8b465ee728b)  -> (artifact id: '275fdef0fd4208e361180a4f90a0281f') in 0.023166 seconds 
  Import took 0.025433 seconds .

========================================================================
Received Import Request.
  Time since last request: 0.000125 seconds.
  path: Assets/Sound/Keris.mp3
  artifactKey: Guid(ef5a223f8f6ea9b4aaa97703653b954a) Importer(815301076,1909f56bfc062723c751e8b465ee728b)
Start importing Assets/Sound/Keris.mp3 using Guid(ef5a223f8f6ea9b4aaa97703653b954a) Importer(815301076,1909f56bfc062723c751e8b465ee728b)  -> (artifact id: 'e59af9744bbc797658260d54d943c4b8') in 0.036482 seconds 
  Import took 0.038817 seconds .

========================================================================
Received Import Request.
  Time since last request: 0.000125 seconds.
  path: Assets/Sound/Sten Gun.mp3
  artifactKey: Guid(eb66b45e22649ad429d8d7e76ff99f22) Importer(815301076,1909f56bfc062723c751e8b465ee728b)
Start importing Assets/Sound/Sten Gun.mp3 using Guid(eb66b45e22649ad429d8d7e76ff99f22) Importer(815301076,1909f56bfc062723c751e8b465ee728b)  -> (artifact id: '22f7554ce5fba0653c861a7c30769b8a') in 0.018390 seconds 
  Import took 0.021269 seconds .

========================================================================
Received Import Request.
  Time since last request: 0.000160 seconds.
  path: Assets/Sound/Museum_Lobby.mp3
  artifactKey: Guid(708f544c0dbce4b40808c56a799ac98e) Importer(815301076,1909f56bfc062723c751e8b465ee728b)
Start importing Assets/Sound/Museum_Lobby.mp3 using Guid(708f544c0dbce4b40808c56a799ac98e) Importer(815301076,1909f56bfc062723c751e8b465ee728b)  -> (artifact id: 'c7e31ea7090b799e1dfa38fa50d1d294') in 0.012477 seconds 
  Import took 0.016094 seconds .

========================================================================
Received Import Request.
  Time since last request: 0.000289 seconds.
  path: Assets/Sound/Geweer M95.mp3
  artifactKey: Guid(8ba1d43a8ce9c604c9053c8bbcc47add) Importer(815301076,1909f56bfc062723c751e8b465ee728b)
Start importing Assets/Sound/Geweer M95.mp3 using Guid(8ba1d43a8ce9c604c9053c8bbcc47add) Importer(815301076,1909f56bfc062723c751e8b465ee728b)  -> (artifact id: '0534253414f9023882dcfa1a65547d9e') in 0.014882 seconds 
  Import took 0.017627 seconds .

========================================================================
Received Prepare
Registering precompiled user dll's ...
Registered in 0.001399 seconds.
Begin MonoManager ReloadAssembly
Native extension for WindowsStandalone target not found
Refreshing native plugins compatible for Editor in 0.41 ms, found 2 plugins.
Preloading 0 native plugins for Editor in 0.00 ms.
Mono: successfully reloaded assembly
- Completed reload, in  0.775 seconds
Domain Reload Profiling:
	ReloadAssembly (775ms)
		BeginReloadAssembly (95ms)
			ExecutionOrderSort (0ms)
			DisableScriptedObjects (3ms)
			BackupInstance (0ms)
			ReleaseScriptingObjects (0ms)
			CreateAndSetChildDomain (27ms)
		EndReloadAssembly (635ms)
			LoadAssemblies (66ms)
			RebuildTransferFunctionScriptingTraits (0ms)
			SetupTypeCache (205ms)
			ReleaseScriptCaches (1ms)
			RebuildScriptCaches (30ms)
			SetupLoadedEditorAssemblies (223ms)
				LogAssemblyErrors (0ms)
				InitializePlatformSupportModulesInManaged (4ms)
				SetLoadedEditorAssemblies (0ms)
				RefreshPlugins (0ms)
				BeforeProcessingInitializeOnLoad (41ms)
				ProcessInitializeOnLoadAttributes (171ms)
				ProcessInitializeOnLoadMethodAttributes (3ms)
				AfterProcessingInitializeOnLoad (3ms)
				EditorAssembliesLoaded (0ms)
			ExecutionOrderSort2 (0ms)
			AwakeInstancesAfterBackupRestoration (5ms)
Platform modules already initialized, skipping
Switching build target platform(19) subTarget(0) extendedPlatform(0) -> platform(13) subTarget(524288) extendedPlatform(0)
Refreshing native plugins compatible for Editor in 0.41 ms, found 2 plugins.
Preloading 0 native plugins for Editor in 0.00 ms.
Unloading 1843 Unused Serialized files (Serialized files now loaded: 0)
System memory in use before: 86.2 MB.
System memory in use after: 84.2 MB.

Unloading 35 unused Assets to reduce memory usage. Loaded Objects now: 2281.
Total: 3.742200 ms (FindLiveObjects: 0.172700 ms CreateObjectMapping: 0.056000 ms MarkObjects: 2.457000 ms  DeleteObjects: 1.055800 ms)

AssetImportParameters requested are different than current active one (requested -> active):
  custom:framework-win-MediaFoundation: 216162199b28c13a410421893ffa2e32 -> 
  custom:video-decoder-ogg-theora: a1e56fd34408186e4bbccfd4996cb3dc -> 
  custom:container-muxer-webm: aa71ff27fc2769a1b78a27578f13a17b -> 
  custom:container-demuxer-webm: 4f35f7cbe854078d1ac9338744f61a02 -> 
  custom:container-demuxer-ogg: 62fdf1f143b41e24485cea50d1cbac27 -> 
  custom:video-encoder-webm-vp8: eb34c28f22e8b96e1ab97ce403110664 -> 
  custom:video-decoder-webm-vp8: 9c59270c3fd7afecdb556c50c9e8de78 -> 
  custom:graphics/normal-map-encoding: 01000000000000000000000000000000 -> 02000000000000000000000000000000
  custom:audio-decoder-ogg-vorbis: bf7c407c2cedff20999df2af8eb42d56 -> 
  custom:audio-encoder-webm-vorbis: bf7c407c2cedff20999df2af8eb42d56 -> 
========================================================================
Received Prepare
Refreshing native plugins compatible for Editor in 1.77 ms, found 2 plugins.
Preloading 0 native plugins for Editor in 0.00 ms.
Unloading 32 Unused Serialized files (Serialized files now loaded: 0)
System memory in use before: 50.4 MB.
System memory in use after: 48.5 MB.

Unloading 32 unused Assets to reduce memory usage. Loaded Objects now: 2281.
Total: 3.311000 ms (FindLiveObjects: 0.157800 ms CreateObjectMapping: 0.054100 ms MarkObjects: 2.059800 ms  DeleteObjects: 1.038200 ms)

AssetImportParameters requested are different than current active one (requested -> active):
  custom:framework-win-MediaFoundation: 216162199b28c13a410421893ffa2e32 -> 
  custom:video-decoder-ogg-theora: a1e56fd34408186e4bbccfd4996cb3dc -> 
  custom:container-muxer-webm: aa71ff27fc2769a1b78a27578f13a17b -> 
  custom:container-demuxer-webm: 4f35f7cbe854078d1ac9338744f61a02 -> 
  custom:container-demuxer-ogg: 62fdf1f143b41e24485cea50d1cbac27 -> 
  custom:video-encoder-webm-vp8: eb34c28f22e8b96e1ab97ce403110664 -> 
  custom:video-decoder-webm-vp8: 9c59270c3fd7afecdb556c50c9e8de78 -> 
  custom:audio-decoder-ogg-vorbis: bf7c407c2cedff20999df2af8eb42d56 -> 
  custom:audio-encoder-webm-vorbis: bf7c407c2cedff20999df2af8eb42d56 -> 
========================================================================
Received Prepare
Registering precompiled user dll's ...
Registered in 0.002069 seconds.
Begin MonoManager ReloadAssembly
Native extension for WindowsStandalone target not found
Refreshing native plugins compatible for Editor in 0.45 ms, found 2 plugins.
Preloading 0 native plugins for Editor in 0.00 ms.
Mono: successfully reloaded assembly
- Completed reload, in  1.147 seconds
Domain Reload Profiling:
	ReloadAssembly (1152ms)
		BeginReloadAssembly (225ms)
			ExecutionOrderSort (0ms)
			DisableScriptedObjects (10ms)
			BackupInstance (0ms)
			ReleaseScriptingObjects (0ms)
			CreateAndSetChildDomain (75ms)
		EndReloadAssembly (874ms)
			LoadAssemblies (94ms)
			RebuildTransferFunctionScriptingTraits (0ms)
			SetupTypeCache (239ms)
			ReleaseScriptCaches (1ms)
			RebuildScriptCaches (35ms)
			SetupLoadedEditorAssemblies (345ms)
				LogAssemblyErrors (0ms)
				InitializePlatformSupportModulesInManaged (5ms)
				SetLoadedEditorAssemblies (0ms)
				RefreshPlugins (0ms)
				BeforeProcessingInitializeOnLoad (41ms)
				ProcessInitializeOnLoadAttributes (293ms)
				ProcessInitializeOnLoadMethodAttributes (3ms)
				AfterProcessingInitializeOnLoad (3ms)
				EditorAssembliesLoaded (0ms)
			ExecutionOrderSort2 (0ms)
			AwakeInstancesAfterBackupRestoration (6ms)
Platform modules already initialized, skipping
Switching build target platform(19) subTarget(0) extendedPlatform(0) -> platform(13) subTarget(524288) extendedPlatform(0)
Refreshing native plugins compatible for Editor in 0.44 ms, found 2 plugins.
Preloading 0 native plugins for Editor in 0.00 ms.
Unloading 1843 Unused Serialized files (Serialized files now loaded: 0)
System memory in use before: 86.2 MB.
System memory in use after: 84.3 MB.

Unloading 35 unused Assets to reduce memory usage. Loaded Objects now: 2284.
Total: 4.229300 ms (FindLiveObjects: 0.274500 ms CreateObjectMapping: 0.068500 ms MarkObjects: 2.637300 ms  DeleteObjects: 1.247200 ms)

AssetImportParameters requested are different than current active one (requested -> active):
  custom:framework-win-MediaFoundation: 216162199b28c13a410421893ffa2e32 -> 
  custom:video-decoder-ogg-theora: a1e56fd34408186e4bbccfd4996cb3dc -> 
  custom:container-muxer-webm: aa71ff27fc2769a1b78a27578f13a17b -> 
  custom:container-demuxer-webm: 4f35f7cbe854078d1ac9338744f61a02 -> 
  custom:container-demuxer-ogg: 62fdf1f143b41e24485cea50d1cbac27 -> 
  custom:video-encoder-webm-vp8: eb34c28f22e8b96e1ab97ce403110664 -> 
  custom:video-decoder-webm-vp8: 9c59270c3fd7afecdb556c50c9e8de78 -> 
  custom:graphics/normal-map-encoding: 01000000000000000000000000000000 -> 02000000000000000000000000000000
  custom:audio-decoder-ogg-vorbis: bf7c407c2cedff20999df2af8eb42d56 -> 
  custom:audio-encoder-webm-vorbis: bf7c407c2cedff20999df2af8eb42d56 -> 
========================================================================
Received Prepare
Refreshing native plugins compatible for Editor in 1.92 ms, found 2 plugins.
Preloading 0 native plugins for Editor in 0.00 ms.
Unloading 32 Unused Serialized files (Serialized files now loaded: 0)
System memory in use before: 50.6 MB.
System memory in use after: 48.6 MB.

Unloading 32 unused Assets to reduce memory usage. Loaded Objects now: 2284.
Total: 4.085100 ms (FindLiveObjects: 0.175000 ms CreateObjectMapping: 0.053000 ms MarkObjects: 2.438500 ms  DeleteObjects: 1.418000 ms)

AssetImportParameters requested are different than current active one (requested -> active):
  custom:framework-win-MediaFoundation: 216162199b28c13a410421893ffa2e32 -> 
  custom:video-decoder-ogg-theora: a1e56fd34408186e4bbccfd4996cb3dc -> 
  custom:container-muxer-webm: aa71ff27fc2769a1b78a27578f13a17b -> 
  custom:container-demuxer-webm: 4f35f7cbe854078d1ac9338744f61a02 -> 
  custom:container-demuxer-ogg: 62fdf1f143b41e24485cea50d1cbac27 -> 
  custom:video-encoder-webm-vp8: eb34c28f22e8b96e1ab97ce403110664 -> 
  custom:video-decoder-webm-vp8: 9c59270c3fd7afecdb556c50c9e8de78 -> 
  custom:audio-decoder-ogg-vorbis: bf7c407c2cedff20999df2af8eb42d56 -> 
  custom:audio-encoder-webm-vorbis: bf7c407c2cedff20999df2af8eb42d56 -> 
========================================================================
Received Prepare
Refreshing native plugins compatible for Editor in 2.06 ms, found 2 plugins.
Preloading 0 native plugins for Editor in 0.00 ms.
Unloading 32 Unused Serialized files (Serialized files now loaded: 0)
System memory in use before: 50.5 MB.
System memory in use after: 48.6 MB.

Unloading 32 unused Assets to reduce memory usage. Loaded Objects now: 2284.
Total: 24.536200 ms (FindLiveObjects: 0.438500 ms CreateObjectMapping: 0.070600 ms MarkObjects: 22.591800 ms  DeleteObjects: 1.433900 ms)

AssetImportParameters requested are different than current active one (requested -> active):
  custom:framework-win-MediaFoundation: 216162199b28c13a410421893ffa2e32 -> 
  custom:video-decoder-ogg-theora: a1e56fd34408186e4bbccfd4996cb3dc -> 
  custom:container-muxer-webm: aa71ff27fc2769a1b78a27578f13a17b -> 
  custom:container-demuxer-webm: 4f35f7cbe854078d1ac9338744f61a02 -> 
  custom:container-demuxer-ogg: 62fdf1f143b41e24485cea50d1cbac27 -> 
  custom:video-encoder-webm-vp8: eb34c28f22e8b96e1ab97ce403110664 -> 
  custom:video-decoder-webm-vp8: 9c59270c3fd7afecdb556c50c9e8de78 -> 
  custom:audio-decoder-ogg-vorbis: bf7c407c2cedff20999df2af8eb42d56 -> 
  custom:audio-encoder-webm-vorbis: bf7c407c2cedff20999df2af8eb42d56 -> 
========================================================================
Received Import Request.
  Time since last request: 3361.961321 seconds.
  path: Assets/Animation
  artifactKey: Guid(bafeb2df124a8b44384bbde144b74f07) Importer(815301076,1909f56bfc062723c751e8b465ee728b)
Start importing Assets/Animation using Guid(bafeb2df124a8b44384bbde144b74f07) Importer(815301076,1909f56bfc062723c751e8b465ee728b)  -> (artifact id: '72683636557fb9d7f6dd75d43e499ee4') in 0.083129 seconds 
  Import took 0.141449 seconds .

========================================================================
Received Import Request.
  Time since last request: 6.030166 seconds.
  path: Assets/3d models
  artifactKey: Guid(a3fdbb21da451474ba9071b956946a93) Importer(815301076,1909f56bfc062723c751e8b465ee728b)
Start importing Assets/3d models using Guid(a3fdbb21da451474ba9071b956946a93) Importer(815301076,1909f56bfc062723c751e8b465ee728b)  -> (artifact id: '0191798bafaf020f7131f1d9c33b22b3') in 0.008920 seconds 
  Import took 0.028662 seconds .

========================================================================
Received Import Request.
  Time since last request: 0.929673 seconds.
  path: Assets/3d models/3d model final
  artifactKey: Guid(7ed639fd8066b344099080002b1f85a4) Importer(815301076,1909f56bfc062723c751e8b465ee728b)
Start importing Assets/3d models/3d model final using Guid(7ed639fd8066b344099080002b1f85a4) Importer(815301076,1909f56bfc062723c751e8b465ee728b)  -> (artifact id: '81b78a18374878834b113a3b6a71a5ec') in 0.017121 seconds 
  Import took 0.021365 seconds .

========================================================================
Received Import Request.
  Time since last request: 2.705665 seconds.
  path: Assets/3d models/3d model final/Arisaka
  artifactKey: Guid(290154c17f9f6324a8e1189d30b31c58) Importer(815301076,1909f56bfc062723c751e8b465ee728b)
Start importing Assets/3d models/3d model final/Arisaka using Guid(290154c17f9f6324a8e1189d30b31c58) Importer(815301076,1909f56bfc062723c751e8b465ee728b)  -> (artifact id: 'ed7367fe4576c3a849fcc1f604ef0bfd') in 0.027442 seconds 
  Import took 0.064781 seconds .

========================================================================
Received Import Request.
  Time since last request: 0.347015 seconds.
  path: Assets/3d models/3d model final/australian-submachine-gun
  artifactKey: Guid(230ea48b7122e0343b4127efd473f2e4) Importer(815301076,1909f56bfc062723c751e8b465ee728b)
Start importing Assets/3d models/3d model final/australian-submachine-gun using Guid(230ea48b7122e0343b4127efd473f2e4) Importer(815301076,1909f56bfc062723c751e8b465ee728b)  -> (artifact id: 'a930f5df864f18167a94598a79ce1189') in 0.007978 seconds 
  Import took 0.033046 seconds .

========================================================================
Received Import Request.
  Time since last request: 4.210979 seconds.
  path: Assets/3d models/3d model final/geweer-mannlicher-m1895
  artifactKey: Guid(345f11441cc87b44c9f924d339da9c6f) Importer(815301076,1909f56bfc062723c751e8b465ee728b)
Start importing Assets/3d models/3d model final/geweer-mannlicher-m1895 using Guid(345f11441cc87b44c9f924d339da9c6f) Importer(815301076,1909f56bfc062723c751e8b465ee728b)  -> (artifact id: '5638dbaab6b3ecb99306af3facf588ed') in 0.017318 seconds 
  Import took 0.035541 seconds .

========================================================================
Received Import Request.
  Time since last request: 0.461071 seconds.
  path: Assets/3d models/3d model final/Grease Gun
  artifactKey: Guid(04965bc5e71d2e344a29252036f67761) Importer(815301076,1909f56bfc062723c751e8b465ee728b)
Start importing Assets/3d models/3d model final/Grease Gun using Guid(04965bc5e71d2e344a29252036f67761) Importer(815301076,1909f56bfc062723c751e8b465ee728b)  -> (artifact id: 'aefa00f745b5685b2ec5b175e7129ec5') in 0.025925 seconds 
  Import took 0.029680 seconds .

========================================================================
Received Import Request.
  Time since last request: 1.847858 seconds.
  path: Assets/3d models/3d model final/StenGun
  artifactKey: Guid(50d62b0d61576b148b115d338ea0b446) Importer(815301076,1909f56bfc062723c751e8b465ee728b)
Start importing Assets/3d models/3d model final/StenGun using Guid(50d62b0d61576b148b115d338ea0b446) Importer(815301076,1909f56bfc062723c751e8b465ee728b)  -> (artifact id: '64115dc863ca1812b33f2c5c47b74da4') in 0.005995 seconds 
  Import took 0.021900 seconds .

========================================================================
Received Import Request.
  Time since last request: 7.596418 seconds.
  path: Assets/3d models/3d model final/australian-submachine-gun/source
  artifactKey: Guid(50c851f5569e6d248b6f450c03a90b4a) Importer(815301076,1909f56bfc062723c751e8b465ee728b)
Start importing Assets/3d models/3d model final/australian-submachine-gun/source using Guid(50c851f5569e6d248b6f450c03a90b4a) Importer(815301076,1909f56bfc062723c751e8b465ee728b)  -> (artifact id: '1150fb8dbcb843df9de9c3bcdc5c4727') in 0.006913 seconds 
  Import took 0.010215 seconds .

========================================================================
Received Import Request.
  Time since last request: 0.938477 seconds.
  path: Assets/3d models/3d model final/australian-submachine-gun/source/model
  artifactKey: Guid(71e0a40441dfb7d4a9e738add98a68d8) Importer(815301076,1909f56bfc062723c751e8b465ee728b)
Start importing Assets/3d models/3d model final/australian-submachine-gun/source/model using Guid(71e0a40441dfb7d4a9e738add98a68d8) Importer(815301076,1909f56bfc062723c751e8b465ee728b)  -> (artifact id: '1f7561860d9f2f577d1d4ca0c4328614') in 0.008489 seconds 
  Import took 0.025149 seconds .

========================================================================
Received Import Request.
  Time since last request: 0.096116 seconds.
  path: Assets/3d models/3d model final/australian-submachine-gun/source/model/model.dae
  artifactKey: Guid(924c314bc283fe14c873bdc1c9c7f3e3) Importer(815301076,1909f56bfc062723c751e8b465ee728b)
Start importing Assets/3d models/3d model final/australian-submachine-gun/source/model/model.dae using Guid(924c314bc283fe14c873bdc1c9c7f3e3) Importer(815301076,1909f56bfc062723c751e8b465ee728b)  -> (artifact id: 'f1c17e9e58813da4302e77dc1f0be84d') in 0.975743 seconds 
  Import took 1.008089 seconds .

========================================================================
Received Import Request.
  Time since last request: 16.277596 seconds.
  path: Assets/M3 grease gun.blend
  artifactKey: Guid(5e1146371ab453c4d9fc64dd805850be) Importer(815301076,1909f56bfc062723c751e8b465ee728b)
Start importing Assets/M3 grease gun.blend using Guid(5e1146371ab453c4d9fc64dd805850be) Importer(815301076,1909f56bfc062723c751e8b465ee728b)  -> (artifact id: '89e47eb7bc89e18779ddc1bfee9dee52') in 0.009808 seconds 
  Import took 0.013231 seconds .

========================================================================
Received Prepare
Registering precompiled user dll's ...
Registered in 0.001548 seconds.
Begin MonoManager ReloadAssembly
Native extension for WindowsStandalone target not found
Refreshing native plugins compatible for Editor in 0.40 ms, found 2 plugins.
Preloading 0 native plugins for Editor in 0.00 ms.
Mono: successfully reloaded assembly
- Completed reload, in  0.912 seconds
Domain Reload Profiling:
	ReloadAssembly (913ms)
		BeginReloadAssembly (181ms)
			ExecutionOrderSort (0ms)
			DisableScriptedObjects (6ms)
			BackupInstance (0ms)
			ReleaseScriptingObjects (0ms)
			CreateAndSetChildDomain (89ms)
		EndReloadAssembly (687ms)
			LoadAssemblies (78ms)
			RebuildTransferFunctionScriptingTraits (0ms)
			SetupTypeCache (219ms)
			ReleaseScriptCaches (1ms)
			RebuildScriptCaches (31ms)
			SetupLoadedEditorAssemblies (228ms)
				LogAssemblyErrors (0ms)
				InitializePlatformSupportModulesInManaged (4ms)
				SetLoadedEditorAssemblies (1ms)
				RefreshPlugins (0ms)
				BeforeProcessingInitializeOnLoad (40ms)
				ProcessInitializeOnLoadAttributes (178ms)
				ProcessInitializeOnLoadMethodAttributes (3ms)
				AfterProcessingInitializeOnLoad (3ms)
				EditorAssembliesLoaded (0ms)
			ExecutionOrderSort2 (0ms)
			AwakeInstancesAfterBackupRestoration (5ms)
Platform modules already initialized, skipping
Switching build target platform(19) subTarget(0) extendedPlatform(0) -> platform(13) subTarget(524288) extendedPlatform(0)
Refreshing native plugins compatible for Editor in 0.42 ms, found 2 plugins.
Preloading 0 native plugins for Editor in 0.00 ms.
Unloading 1843 Unused Serialized files (Serialized files now loaded: 0)
System memory in use before: 86.6 MB.
System memory in use after: 84.6 MB.

Unloading 35 unused Assets to reduce memory usage. Loaded Objects now: 2324.
Total: 4.053000 ms (FindLiveObjects: 0.180200 ms CreateObjectMapping: 0.061100 ms MarkObjects: 2.602100 ms  DeleteObjects: 1.208900 ms)

AssetImportParameters requested are different than current active one (requested -> active):
  custom:framework-win-MediaFoundation: 216162199b28c13a410421893ffa2e32 -> 
  custom:video-decoder-ogg-theora: a1e56fd34408186e4bbccfd4996cb3dc -> 
  custom:container-muxer-webm: aa71ff27fc2769a1b78a27578f13a17b -> 
  custom:container-demuxer-webm: 4f35f7cbe854078d1ac9338744f61a02 -> 
  custom:container-demuxer-ogg: 62fdf1f143b41e24485cea50d1cbac27 -> 
  custom:video-encoder-webm-vp8: eb34c28f22e8b96e1ab97ce403110664 -> 
  custom:video-decoder-webm-vp8: 9c59270c3fd7afecdb556c50c9e8de78 -> 
  custom:graphics/normal-map-encoding: 01000000000000000000000000000000 -> 02000000000000000000000000000000
  custom:audio-decoder-ogg-vorbis: bf7c407c2cedff20999df2af8eb42d56 -> 
  custom:audio-encoder-webm-vorbis: bf7c407c2cedff20999df2af8eb42d56 -> 
========================================================================
Received Import Request.
  Time since last request: 38.551317 seconds.
  path: Assets/3d models/3d model final/BambooSpear
  artifactKey: Guid(05c35a281f23cdb46a50d86340f06217) Importer(815301076,1909f56bfc062723c751e8b465ee728b)
Start importing Assets/3d models/3d model final/BambooSpear using Guid(05c35a281f23cdb46a50d86340f06217) Importer(815301076,1909f56bfc062723c751e8b465ee728b)  -> (artifact id: 'e35d92482ebc697b57694b21d297a9e1') in 0.009406 seconds 
  Import took 0.030598 seconds .

========================================================================
Received Import Request.
  Time since last request: 2.417972 seconds.
  path: Assets/3d models/3d model final/Celurit
  artifactKey: Guid(8bd4dd6c46aa788449d2fe7fd5359a63) Importer(815301076,1909f56bfc062723c751e8b465ee728b)
Start importing Assets/3d models/3d model final/Celurit using Guid(8bd4dd6c46aa788449d2fe7fd5359a63) Importer(815301076,1909f56bfc062723c751e8b465ee728b)  -> (artifact id: '874fb3d3d07603f27889d9ebb3e12b83') in 0.011761 seconds 
  Import took 0.033100 seconds .

========================================================================
Received Import Request.
  Time since last request: 5.583173 seconds.
  path: Assets/3d models/3d model final/KerisSurakarta
  artifactKey: Guid(91df3d900d5dde74084259310cb37a84) Importer(815301076,1909f56bfc062723c751e8b465ee728b)
Start importing Assets/3d models/3d model final/KerisSurakarta using Guid(91df3d900d5dde74084259310cb37a84) Importer(815301076,1909f56bfc062723c751e8b465ee728b)  -> (artifact id: '8988d40ae024004a256f1f2424603e76') in 0.007490 seconds 
  Import took 0.017614 seconds .

========================================================================
Received Import Request.
  Time since last request: 13.471471 seconds.
  path: Assets/3d models/3d model final/Thompson
  artifactKey: Guid(628f28a1be5fff848ab22152794b8861) Importer(815301076,1909f56bfc062723c751e8b465ee728b)
Start importing Assets/3d models/3d model final/Thompson using Guid(628f28a1be5fff848ab22152794b8861) Importer(815301076,1909f56bfc062723c751e8b465ee728b)  -> (artifact id: '4c7f9525b128533b2f943229819c921a') in 0.006332 seconds 
  Import took 0.021428 seconds .

========================================================================
Received Import Request.
  Time since last request: 10.597974 seconds.
  path: Assets/3d models/3d model final/StonePillar
  artifactKey: Guid(a07dce2f18c82234699ea1ac43e2e69f) Importer(815301076,1909f56bfc062723c751e8b465ee728b)
Start importing Assets/3d models/3d model final/StonePillar using Guid(a07dce2f18c82234699ea1ac43e2e69f) Importer(815301076,1909f56bfc062723c751e8b465ee728b)  -> (artifact id: '0c2df6ae6cbb7168739b8eb6ceae5d9e') in 0.006326 seconds 
  Import took 0.022315 seconds .

========================================================================
Received Import Request.
  Time since last request: 4.221691 seconds.
  path: Assets/Texture
  artifactKey: Guid(5fa83ab4bd4ec5b408a3c144b2cb5655) Importer(815301076,1909f56bfc062723c751e8b465ee728b)
Start importing Assets/Texture using Guid(5fa83ab4bd4ec5b408a3c144b2cb5655) Importer(815301076,1909f56bfc062723c751e8b465ee728b)  -> (artifact id: '434a479ec36565e257a66ae0ab2c5cf3') in 0.022718 seconds 
  Import took 0.026293 seconds .

========================================================================
Received Import Request.
  Time since last request: 2.474108 seconds.
  path: Assets/XR
  artifactKey: Guid(374f7f0ed8391fe4f81ca1a41194d4c4) Importer(815301076,1909f56bfc062723c751e8b465ee728b)
Start importing Assets/XR using Guid(374f7f0ed8391fe4f81ca1a41194d4c4) Importer(815301076,1909f56bfc062723c751e8b465ee728b)  -> (artifact id: 'ffc88587eb530c03c4ef0043df1e8e40') in 0.008275 seconds 
  Import took 0.028209 seconds .

========================================================================
Received Import Request.
  Time since last request: 1.108593 seconds.
  path: Assets/XR/XRGeneralSettings.asset
  artifactKey: Guid(b29d41c6dd2606944ab2441cdf72fdd4) Importer(815301076,1909f56bfc062723c751e8b465ee728b)
Start importing Assets/XR/XRGeneralSettings.asset using Guid(b29d41c6dd2606944ab2441cdf72fdd4) Importer(815301076,1909f56bfc062723c751e8b465ee728b)  -> (artifact id: '79412b807f28a911e8c8ebe1b2d9e6f2') in 0.063263 seconds 
  Import took 0.083564 seconds .

========================================================================
Received Prepare
Registering precompiled user dll's ...
Registered in 0.001451 seconds.
Begin MonoManager ReloadAssembly
Native extension for WindowsStandalone target not found
Refreshing native plugins compatible for Editor in 0.41 ms, found 2 plugins.
Preloading 0 native plugins for Editor in 0.00 ms.
Mono: successfully reloaded assembly
- Completed reload, in  0.790 seconds
Domain Reload Profiling:
	ReloadAssembly (790ms)
		BeginReloadAssembly (93ms)
			ExecutionOrderSort (0ms)
			DisableScriptedObjects (3ms)
			BackupInstance (0ms)
			ReleaseScriptingObjects (0ms)
			CreateAndSetChildDomain (28ms)
		EndReloadAssembly (650ms)
			LoadAssemblies (72ms)
			RebuildTransferFunctionScriptingTraits (0ms)
			SetupTypeCache (221ms)
			ReleaseScriptCaches (1ms)
			RebuildScriptCaches (31ms)
			SetupLoadedEditorAssemblies (233ms)
				LogAssemblyErrors (0ms)
				InitializePlatformSupportModulesInManaged (4ms)
				SetLoadedEditorAssemblies (0ms)
				RefreshPlugins (0ms)
				BeforeProcessingInitializeOnLoad (42ms)
				ProcessInitializeOnLoadAttributes (180ms)
				ProcessInitializeOnLoadMethodAttributes (3ms)
				AfterProcessingInitializeOnLoad (3ms)
				EditorAssembliesLoaded (0ms)
			ExecutionOrderSort2 (0ms)
			AwakeInstancesAfterBackupRestoration (5ms)
Platform modules already initialized, skipping
Switching build target platform(19) subTarget(0) extendedPlatform(0) -> platform(13) subTarget(524288) extendedPlatform(0)
Refreshing native plugins compatible for Editor in 0.40 ms, found 2 plugins.
Preloading 0 native plugins for Editor in 0.00 ms.
Unloading 1843 Unused Serialized files (Serialized files now loaded: 0)
System memory in use before: 86.6 MB.
System memory in use after: 84.7 MB.

Unloading 35 unused Assets to reduce memory usage. Loaded Objects now: 2327.
Total: 3.650100 ms (FindLiveObjects: 0.235400 ms CreateObjectMapping: 0.069800 ms MarkObjects: 2.140900 ms  DeleteObjects: 1.203000 ms)

AssetImportParameters requested are different than current active one (requested -> active):
  custom:framework-win-MediaFoundation: 216162199b28c13a410421893ffa2e32 -> 
  custom:video-decoder-ogg-theora: a1e56fd34408186e4bbccfd4996cb3dc -> 
  custom:container-muxer-webm: aa71ff27fc2769a1b78a27578f13a17b -> 
  custom:container-demuxer-webm: 4f35f7cbe854078d1ac9338744f61a02 -> 
  custom:container-demuxer-ogg: 62fdf1f143b41e24485cea50d1cbac27 -> 
  custom:video-encoder-webm-vp8: eb34c28f22e8b96e1ab97ce403110664 -> 
  custom:video-decoder-webm-vp8: 9c59270c3fd7afecdb556c50c9e8de78 -> 
  custom:graphics/normal-map-encoding: 01000000000000000000000000000000 -> 02000000000000000000000000000000
  custom:audio-decoder-ogg-vorbis: bf7c407c2cedff20999df2af8eb42d56 -> 
  custom:audio-encoder-webm-vorbis: bf7c407c2cedff20999df2af8eb42d56 -> 
========================================================================
Received Prepare
Refreshing native plugins compatible for Editor in 1.96 ms, found 2 plugins.
Preloading 0 native plugins for Editor in 0.00 ms.
Unloading 32 Unused Serialized files (Serialized files now loaded: 0)
System memory in use before: 50.8 MB.
System memory in use after: 49.0 MB.

Unloading 32 unused Assets to reduce memory usage. Loaded Objects now: 2327.
Total: 4.305800 ms (FindLiveObjects: 0.175400 ms CreateObjectMapping: 0.056900 ms MarkObjects: 2.766300 ms  DeleteObjects: 1.306700 ms)

AssetImportParameters requested are different than current active one (requested -> active):
  custom:framework-win-MediaFoundation: 216162199b28c13a410421893ffa2e32 -> 
  custom:video-decoder-ogg-theora: a1e56fd34408186e4bbccfd4996cb3dc -> 
  custom:container-muxer-webm: aa71ff27fc2769a1b78a27578f13a17b -> 
  custom:container-demuxer-webm: 4f35f7cbe854078d1ac9338744f61a02 -> 
  custom:container-demuxer-ogg: 62fdf1f143b41e24485cea50d1cbac27 -> 
  custom:video-encoder-webm-vp8: eb34c28f22e8b96e1ab97ce403110664 -> 
  custom:video-decoder-webm-vp8: 9c59270c3fd7afecdb556c50c9e8de78 -> 
  custom:audio-decoder-ogg-vorbis: bf7c407c2cedff20999df2af8eb42d56 -> 
  custom:audio-encoder-webm-vorbis: bf7c407c2cedff20999df2af8eb42d56 -> 
========================================================================
Received Import Request.
  Time since last request: 499.936125 seconds.
  path: Assets/Script
  artifactKey: Guid(9a5c967ee687bda41b64361552284e61) Importer(815301076,1909f56bfc062723c751e8b465ee728b)
Start importing Assets/Script using Guid(9a5c967ee687bda41b64361552284e61) Importer(815301076,1909f56bfc062723c751e8b465ee728b)  -> (artifact id: '4df2e1b6507af966468050766c9e52aa') in 0.024010 seconds 
  Import took 0.069908 seconds .

========================================================================
Received Prepare
Registering precompiled user dll's ...
Registered in 0.001477 seconds.
Begin MonoManager ReloadAssembly
Native extension for WindowsStandalone target not found
Refreshing native plugins compatible for Editor in 0.41 ms, found 2 plugins.
Preloading 0 native plugins for Editor in 0.00 ms.
Mono: successfully reloaded assembly
- Completed reload, in  0.855 seconds
Domain Reload Profiling:
	ReloadAssembly (855ms)
		BeginReloadAssembly (102ms)
			ExecutionOrderSort (0ms)
			DisableScriptedObjects (4ms)
			BackupInstance (0ms)
			ReleaseScriptingObjects (0ms)
			CreateAndSetChildDomain (31ms)
		EndReloadAssembly (706ms)
			LoadAssemblies (71ms)
			RebuildTransferFunctionScriptingTraits (0ms)
			SetupTypeCache (205ms)
			ReleaseScriptCaches (1ms)
			RebuildScriptCaches (31ms)
			SetupLoadedEditorAssemblies (242ms)
				LogAssemblyErrors (0ms)
				InitializePlatformSupportModulesInManaged (4ms)
				SetLoadedEditorAssemblies (0ms)
				RefreshPlugins (0ms)
				BeforeProcessingInitializeOnLoad (41ms)
				ProcessInitializeOnLoadAttributes (191ms)
				ProcessInitializeOnLoadMethodAttributes (3ms)
				AfterProcessingInitializeOnLoad (3ms)
				EditorAssembliesLoaded (0ms)
			ExecutionOrderSort2 (0ms)
			AwakeInstancesAfterBackupRestoration (5ms)
Platform modules already initialized, skipping
Switching build target platform(19) subTarget(0) extendedPlatform(0) -> platform(13) subTarget(524288) extendedPlatform(0)
Refreshing native plugins compatible for Editor in 0.41 ms, found 2 plugins.
Preloading 0 native plugins for Editor in 0.00 ms.
Unloading 1843 Unused Serialized files (Serialized files now loaded: 0)
System memory in use before: 86.6 MB.
System memory in use after: 84.7 MB.

Unloading 35 unused Assets to reduce memory usage. Loaded Objects now: 2330.
Total: 4.124200 ms (FindLiveObjects: 0.183100 ms CreateObjectMapping: 0.055900 ms MarkObjects: 2.585800 ms  DeleteObjects: 1.298700 ms)

AssetImportParameters requested are different than current active one (requested -> active):
  custom:framework-win-MediaFoundation: 216162199b28c13a410421893ffa2e32 -> 
  custom:video-decoder-ogg-theora: a1e56fd34408186e4bbccfd4996cb3dc -> 
  custom:container-muxer-webm: aa71ff27fc2769a1b78a27578f13a17b -> 
  custom:container-demuxer-webm: 4f35f7cbe854078d1ac9338744f61a02 -> 
  custom:container-demuxer-ogg: 62fdf1f143b41e24485cea50d1cbac27 -> 
  custom:video-encoder-webm-vp8: eb34c28f22e8b96e1ab97ce403110664 -> 
  custom:video-decoder-webm-vp8: 9c59270c3fd7afecdb556c50c9e8de78 -> 
  custom:graphics/normal-map-encoding: 01000000000000000000000000000000 -> 02000000000000000000000000000000
  custom:audio-decoder-ogg-vorbis: bf7c407c2cedff20999df2af8eb42d56 -> 
  custom:audio-encoder-webm-vorbis: bf7c407c2cedff20999df2af8eb42d56 -> 
========================================================================
Received Prepare
Registering precompiled user dll's ...
Registered in 0.001493 seconds.
Begin MonoManager ReloadAssembly
Native extension for WindowsStandalone target not found
Refreshing native plugins compatible for Editor in 0.49 ms, found 2 plugins.
Preloading 0 native plugins for Editor in 0.00 ms.
Mono: successfully reloaded assembly
- Completed reload, in  0.799 seconds
Domain Reload Profiling:
	ReloadAssembly (799ms)
		BeginReloadAssembly (96ms)
			ExecutionOrderSort (0ms)
			DisableScriptedObjects (4ms)
			BackupInstance (0ms)
			ReleaseScriptingObjects (0ms)
			CreateAndSetChildDomain (28ms)
		EndReloadAssembly (657ms)
			LoadAssemblies (68ms)
			RebuildTransferFunctionScriptingTraits (0ms)
			SetupTypeCache (224ms)
			ReleaseScriptCaches (1ms)
			RebuildScriptCaches (33ms)
			SetupLoadedEditorAssemblies (232ms)
				LogAssemblyErrors (0ms)
				InitializePlatformSupportModulesInManaged (4ms)
				SetLoadedEditorAssemblies (0ms)
				RefreshPlugins (1ms)
				BeforeProcessingInitializeOnLoad (43ms)
				ProcessInitializeOnLoadAttributes (179ms)
				ProcessInitializeOnLoadMethodAttributes (3ms)
				AfterProcessingInitializeOnLoad (3ms)
				EditorAssembliesLoaded (0ms)
			ExecutionOrderSort2 (0ms)
			AwakeInstancesAfterBackupRestoration (5ms)
Platform modules already initialized, skipping
Switching build target platform(19) subTarget(0) extendedPlatform(0) -> platform(13) subTarget(524288) extendedPlatform(0)
Refreshing native plugins compatible for Editor in 0.44 ms, found 2 plugins.
Preloading 0 native plugins for Editor in 0.00 ms.
Unloading 1843 Unused Serialized files (Serialized files now loaded: 0)
System memory in use before: 86.7 MB.
System memory in use after: 84.7 MB.

Unloading 35 unused Assets to reduce memory usage. Loaded Objects now: 2333.
Total: 3.920100 ms (FindLiveObjects: 0.274900 ms CreateObjectMapping: 0.066500 ms MarkObjects: 2.369100 ms  DeleteObjects: 1.208000 ms)

AssetImportParameters requested are different than current active one (requested -> active):
  custom:framework-win-MediaFoundation: 216162199b28c13a410421893ffa2e32 -> 
  custom:video-decoder-ogg-theora: a1e56fd34408186e4bbccfd4996cb3dc -> 
  custom:container-muxer-webm: aa71ff27fc2769a1b78a27578f13a17b -> 
  custom:container-demuxer-webm: 4f35f7cbe854078d1ac9338744f61a02 -> 
  custom:container-demuxer-ogg: 62fdf1f143b41e24485cea50d1cbac27 -> 
  custom:video-encoder-webm-vp8: eb34c28f22e8b96e1ab97ce403110664 -> 
  custom:video-decoder-webm-vp8: 9c59270c3fd7afecdb556c50c9e8de78 -> 
  custom:graphics/normal-map-encoding: 01000000000000000000000000000000 -> 02000000000000000000000000000000
  custom:audio-decoder-ogg-vorbis: bf7c407c2cedff20999df2af8eb42d56 -> 
  custom:audio-encoder-webm-vorbis: bf7c407c2cedff20999df2af8eb42d56 -> 
========================================================================
Received Prepare
Registering precompiled user dll's ...
Registered in 0.001557 seconds.
Begin MonoManager ReloadAssembly
Native extension for WindowsStandalone target not found
Refreshing native plugins compatible for Editor in 0.44 ms, found 2 plugins.
Preloading 0 native plugins for Editor in 0.00 ms.
Mono: successfully reloaded assembly
- Completed reload, in  0.803 seconds
Domain Reload Profiling:
	ReloadAssembly (804ms)
		BeginReloadAssembly (103ms)
			ExecutionOrderSort (0ms)
			DisableScriptedObjects (3ms)
			BackupInstance (0ms)
			ReleaseScriptingObjects (0ms)
			CreateAndSetChildDomain (27ms)
		EndReloadAssembly (656ms)
			LoadAssemblies (68ms)
			RebuildTransferFunctionScriptingTraits (0ms)
			SetupTypeCache (214ms)
			ReleaseScriptCaches (1ms)
			RebuildScriptCaches (33ms)
			SetupLoadedEditorAssemblies (240ms)
				LogAssemblyErrors (0ms)
				InitializePlatformSupportModulesInManaged (4ms)
				SetLoadedEditorAssemblies (0ms)
				RefreshPlugins (0ms)
				BeforeProcessingInitializeOnLoad (44ms)
				ProcessInitializeOnLoadAttributes (186ms)
				ProcessInitializeOnLoadMethodAttributes (3ms)
				AfterProcessingInitializeOnLoad (3ms)
				EditorAssembliesLoaded (0ms)
			ExecutionOrderSort2 (0ms)
			AwakeInstancesAfterBackupRestoration (5ms)
Platform modules already initialized, skipping
Switching build target platform(19) subTarget(0) extendedPlatform(0) -> platform(13) subTarget(524288) extendedPlatform(0)
Refreshing native plugins compatible for Editor in 0.39 ms, found 2 plugins.
Preloading 0 native plugins for Editor in 0.00 ms.
Unloading 1843 Unused Serialized files (Serialized files now loaded: 0)
System memory in use before: 86.6 MB.
System memory in use after: 84.7 MB.

Unloading 35 unused Assets to reduce memory usage. Loaded Objects now: 2336.
Total: 3.738900 ms (FindLiveObjects: 0.208900 ms CreateObjectMapping: 0.062700 ms MarkObjects: 2.235800 ms  DeleteObjects: 1.230700 ms)

AssetImportParameters requested are different than current active one (requested -> active):
  custom:framework-win-MediaFoundation: 216162199b28c13a410421893ffa2e32 -> 
  custom:video-decoder-ogg-theora: a1e56fd34408186e4bbccfd4996cb3dc -> 
  custom:container-muxer-webm: aa71ff27fc2769a1b78a27578f13a17b -> 
  custom:container-demuxer-webm: 4f35f7cbe854078d1ac9338744f61a02 -> 
  custom:container-demuxer-ogg: 62fdf1f143b41e24485cea50d1cbac27 -> 
  custom:video-encoder-webm-vp8: eb34c28f22e8b96e1ab97ce403110664 -> 
  custom:video-decoder-webm-vp8: 9c59270c3fd7afecdb556c50c9e8de78 -> 
  custom:graphics/normal-map-encoding: 01000000000000000000000000000000 -> 02000000000000000000000000000000
  custom:audio-decoder-ogg-vorbis: bf7c407c2cedff20999df2af8eb42d56 -> 
  custom:audio-encoder-webm-vorbis: bf7c407c2cedff20999df2af8eb42d56 -> 
========================================================================
Received Prepare
Refreshing native plugins compatible for Editor in 2.12 ms, found 2 plugins.
Preloading 0 native plugins for Editor in 0.00 ms.
Unloading 32 Unused Serialized files (Serialized files now loaded: 0)
System memory in use before: 50.9 MB.
System memory in use after: 49.0 MB.

Unloading 32 unused Assets to reduce memory usage. Loaded Objects now: 2336.
Total: 5.294400 ms (FindLiveObjects: 0.300200 ms CreateObjectMapping: 0.095900 ms MarkObjects: 3.632200 ms  DeleteObjects: 1.264800 ms)

AssetImportParameters requested are different than current active one (requested -> active):
  custom:framework-win-MediaFoundation: 216162199b28c13a410421893ffa2e32 -> 
  custom:video-decoder-ogg-theora: a1e56fd34408186e4bbccfd4996cb3dc -> 
  custom:container-muxer-webm: aa71ff27fc2769a1b78a27578f13a17b -> 
  custom:container-demuxer-webm: 4f35f7cbe854078d1ac9338744f61a02 -> 
  custom:container-demuxer-ogg: 62fdf1f143b41e24485cea50d1cbac27 -> 
  custom:video-encoder-webm-vp8: eb34c28f22e8b96e1ab97ce403110664 -> 
  custom:video-decoder-webm-vp8: 9c59270c3fd7afecdb556c50c9e8de78 -> 
  custom:audio-decoder-ogg-vorbis: bf7c407c2cedff20999df2af8eb42d56 -> 
  custom:audio-encoder-webm-vorbis: bf7c407c2cedff20999df2af8eb42d56 -> 
========================================================================
Received Prepare
Refreshing native plugins compatible for Editor in 1.96 ms, found 2 plugins.
Preloading 0 native plugins for Editor in 0.00 ms.
Unloading 32 Unused Serialized files (Serialized files now loaded: 0)
System memory in use before: 50.9 MB.
System memory in use after: 49.0 MB.

Unloading 32 unused Assets to reduce memory usage. Loaded Objects now: 2336.
Total: 6.089300 ms (FindLiveObjects: 0.280300 ms CreateObjectMapping: 0.103800 ms MarkObjects: 3.940000 ms  DeleteObjects: 1.762400 ms)

AssetImportParameters requested are different than current active one (requested -> active):
  custom:framework-win-MediaFoundation: 216162199b28c13a410421893ffa2e32 -> 
  custom:video-decoder-ogg-theora: a1e56fd34408186e4bbccfd4996cb3dc -> 
  custom:container-muxer-webm: aa71ff27fc2769a1b78a27578f13a17b -> 
  custom:container-demuxer-webm: 4f35f7cbe854078d1ac9338744f61a02 -> 
  custom:container-demuxer-ogg: 62fdf1f143b41e24485cea50d1cbac27 -> 
  custom:video-encoder-webm-vp8: eb34c28f22e8b96e1ab97ce403110664 -> 
  custom:video-decoder-webm-vp8: 9c59270c3fd7afecdb556c50c9e8de78 -> 
  custom:audio-decoder-ogg-vorbis: bf7c407c2cedff20999df2af8eb42d56 -> 
  custom:audio-encoder-webm-vorbis: bf7c407c2cedff20999df2af8eb42d56 -> 
========================================================================
Received Prepare
Refreshing native plugins compatible for Editor in 1.72 ms, found 2 plugins.
Preloading 0 native plugins for Editor in 0.00 ms.
Unloading 32 Unused Serialized files (Serialized files now loaded: 0)
System memory in use before: 51.0 MB.
System memory in use after: 49.0 MB.

Unloading 32 unused Assets to reduce memory usage. Loaded Objects now: 2336.
Total: 4.731100 ms (FindLiveObjects: 0.225400 ms CreateObjectMapping: 0.064300 ms MarkObjects: 2.868100 ms  DeleteObjects: 1.572100 ms)

AssetImportParameters requested are different than current active one (requested -> active):
  custom:framework-win-MediaFoundation: 216162199b28c13a410421893ffa2e32 -> 
  custom:video-decoder-ogg-theora: a1e56fd34408186e4bbccfd4996cb3dc -> 
  custom:container-muxer-webm: aa71ff27fc2769a1b78a27578f13a17b -> 
  custom:container-demuxer-webm: 4f35f7cbe854078d1ac9338744f61a02 -> 
  custom:container-demuxer-ogg: 62fdf1f143b41e24485cea50d1cbac27 -> 
  custom:video-encoder-webm-vp8: eb34c28f22e8b96e1ab97ce403110664 -> 
  custom:video-decoder-webm-vp8: 9c59270c3fd7afecdb556c50c9e8de78 -> 
  custom:audio-decoder-ogg-vorbis: bf7c407c2cedff20999df2af8eb42d56 -> 
  custom:audio-encoder-webm-vorbis: bf7c407c2cedff20999df2af8eb42d56 -> 
========================================================================
Received Prepare
Refreshing native plugins compatible for Editor in 1.85 ms, found 2 plugins.
Preloading 0 native plugins for Editor in 0.00 ms.
Unloading 32 Unused Serialized files (Serialized files now loaded: 0)
System memory in use before: 50.9 MB.
System memory in use after: 49.0 MB.

Unloading 32 unused Assets to reduce memory usage. Loaded Objects now: 2336.
Total: 4.451200 ms (FindLiveObjects: 0.207900 ms CreateObjectMapping: 0.059000 ms MarkObjects: 2.801300 ms  DeleteObjects: 1.381900 ms)

AssetImportParameters requested are different than current active one (requested -> active):
  custom:framework-win-MediaFoundation: 216162199b28c13a410421893ffa2e32 -> 
  custom:video-decoder-ogg-theora: a1e56fd34408186e4bbccfd4996cb3dc -> 
  custom:container-muxer-webm: aa71ff27fc2769a1b78a27578f13a17b -> 
  custom:container-demuxer-webm: 4f35f7cbe854078d1ac9338744f61a02 -> 
  custom:container-demuxer-ogg: 62fdf1f143b41e24485cea50d1cbac27 -> 
  custom:video-encoder-webm-vp8: eb34c28f22e8b96e1ab97ce403110664 -> 
  custom:video-decoder-webm-vp8: 9c59270c3fd7afecdb556c50c9e8de78 -> 
  custom:audio-decoder-ogg-vorbis: bf7c407c2cedff20999df2af8eb42d56 -> 
  custom:audio-encoder-webm-vorbis: bf7c407c2cedff20999df2af8eb42d56 -> 
========================================================================
Received Import Request.
  Time since last request: 1493.289364 seconds.
  path: Assets/Samples/Google Cardboard XR Plugin for Unity/1.8.0/Hello Cardboard/Scripts
  artifactKey: Guid(100b6e7cd642840158178c0b6bfa29d1) Importer(815301076,1909f56bfc062723c751e8b465ee728b)
Start importing Assets/Samples/Google Cardboard XR Plugin for Unity/1.8.0/Hello Cardboard/Scripts using Guid(100b6e7cd642840158178c0b6bfa29d1) Importer(815301076,1909f56bfc062723c751e8b465ee728b)  -> (artifact id: '4175fb7ba49d8b51bf9181de43babd38') in 0.039524 seconds 
  Import took 0.075961 seconds .

AssetImportWorkerClient::OnTransportError - code=2 error=End of file
